Build started 4/10/2016 6:23:57 PM.
     1>Project "E:\IUSE Spring 2016\CSCI-C335-18862\Assembly Project\ProjectErrorRoids\ErrorRoids.vcxproj" on node 2 (Build target(s)).
     1>ClCompile:
         E:\Visual Studio\VC\bin\x86_amd64\CL.exe /c /IE:\SDL2 /ZI /nologo /W3 /WX- /Od /D _DEBUG /D _CONSOLE /D _UNICODE /D UNICODE /Gm /EHsc /RTC1 /MDd /GS /fp:precise /Zc:wchar_t /Zc:forScope /Zc:inline /Fo"x64\Debug\\" /Fd"x64\Debug\vc140.pdb" /Gd /TP /errorReport:prompt ErrorRoids.cpp main.cpp power.cpp projectile.cpp Ship.cpp
         Ship.cpp
     1>e:\iuse spring 2016\csci-c335-18862\assembly project\projecterrorroids\ship.cpp(169): warning C4244: 'argument': conversion from 'double' to 'Sint16', possible loss of data
     1>e:\iuse spring 2016\csci-c335-18862\assembly project\projecterrorroids\ship.cpp(170): warning C4244: 'argument': conversion from 'double' to 'Sint16', possible loss of data
     1>e:\iuse spring 2016\csci-c335-18862\assembly project\projecterrorroids\ship.cpp(171): warning C4244: 'argument': conversion from 'double' to 'Sint16', possible loss of data
     1>e:\iuse spring 2016\csci-c335-18862\assembly project\projecterrorroids\ship.cpp(172): warning C4244: 'argument': conversion from 'double' to 'Sint16', possible loss of data
         projectile.cpp
     1>e:\iuse spring 2016\csci-c335-18862\assembly project\projecterrorroids\projectile.cpp(49): warning C4838: conversion from 'double' to 'int' requires a narrowing conversion
     1>e:\iuse spring 2016\csci-c335-18862\assembly project\projecterrorroids\projectile.cpp(49): warning C4244: 'initializing': conversion from 'double' to 'int', possible loss of data
         power.cpp
     1>e:\iuse spring 2016\csci-c335-18862\assembly project\projecterrorroids\power.cpp(80): warning C4244: 'argument': conversion from 'double' to 'Sint16', possible loss of data
     1>e:\iuse spring 2016\csci-c335-18862\assembly project\projecterrorroids\power.cpp(81): warning C4244: 'argument': conversion from 'double' to 'Sint16', possible loss of data
     1>e:\iuse spring 2016\csci-c335-18862\assembly project\projecterrorroids\power.cpp(82): warning C4244: 'argument': conversion from 'double' to 'Sint16', possible loss of data
     1>e:\iuse spring 2016\csci-c335-18862\assembly project\projecterrorroids\power.cpp(83): warning C4244: 'argument': conversion from 'double' to 'Sint16', possible loss of data
     1>e:\iuse spring 2016\csci-c335-18862\assembly project\projecterrorroids\power.cpp(84): warning C4244: 'argument': conversion from 'double' to 'Sint16', possible loss of data
     1>e:\iuse spring 2016\csci-c335-18862\assembly project\projecterrorroids\power.cpp(85): warning C4244: 'argument': conversion from 'double' to 'Sint16', possible loss of data
     1>e:\iuse spring 2016\csci-c335-18862\assembly project\projecterrorroids\power.cpp(105): warning C4244: 'argument': conversion from 'double' to 'Sint16', possible loss of data
     1>e:\iuse spring 2016\csci-c335-18862\assembly project\projecterrorroids\power.cpp(106): warning C4244: 'argument': conversion from 'double' to 'Sint16', possible loss of data
     1>e:\iuse spring 2016\csci-c335-18862\assembly project\projecterrorroids\power.cpp(107): warning C4244: 'argument': conversion from 'double' to 'Sint16', possible loss of data
     1>e:\iuse spring 2016\csci-c335-18862\assembly project\projecterrorroids\power.cpp(112): warning C4244: 'argument': conversion from 'double' to 'Sint16', possible loss of data
     1>e:\iuse spring 2016\csci-c335-18862\assembly project\projecterrorroids\power.cpp(113): warning C4244: 'argument': conversion from 'double' to 'Sint16', possible loss of data
     1>e:\iuse spring 2016\csci-c335-18862\assembly project\projecterrorroids\power.cpp(114): warning C4244: 'argument': conversion from 'double' to 'Sint16', possible loss of data
         main.cpp
     1>e:\iuse spring 2016\csci-c335-18862\assembly project\projecterrorroids\main.cpp(72): error C3861: 'SDL_SetVideoMode': identifier not found
     1>e:\iuse spring 2016\csci-c335-18862\assembly project\projecterrorroids\main.cpp(81): warning C4244: 'argument': conversion from 'time_t' to 'unsigned int', possible loss of data
     1>e:\iuse spring 2016\csci-c335-18862\assembly project\projecterrorroids\main.cpp(173): warning C4244: 'argument': conversion from 'double' to 'Uint16', possible loss of data
     1>e:\iuse spring 2016\csci-c335-18862\assembly project\projecterrorroids\main.cpp(173): warning C4244: 'argument': conversion from 'double' to 'Sint16', possible loss of data
     1>e:\iuse spring 2016\csci-c335-18862\assembly project\projecterrorroids\main.cpp(306): error C3861: 'SDL_Flip': identifier not found
     1>e:\iuse spring 2016\csci-c335-18862\assembly project\projecterrorroids\main.cpp(336): warning C4244: 'argument': conversion from 'double' to 'Uint16', possible loss of data
     1>e:\iuse spring 2016\csci-c335-18862\assembly project\projecterrorroids\main.cpp(336): warning C4244: 'argument': conversion from 'double' to 'Sint16', possible loss of data
     1>e:\iuse spring 2016\csci-c335-18862\assembly project\projecterrorroids\main.cpp(337): error C3861: 'SDL_Flip': identifier not found
         ErrorRoids.cpp
     1>e:\iuse spring 2016\csci-c335-18862\assembly project\projecterrorroids\errorroids.cpp(118): warning C4244: 'argument': conversion from 'double' to 'Sint16', possible loss of data
     1>e:\iuse spring 2016\csci-c335-18862\assembly project\projecterrorroids\errorroids.cpp(119): warning C4244: 'argument': conversion from 'double' to 'Sint16', possible loss of data
     1>e:\iuse spring 2016\csci-c335-18862\assembly project\projecterrorroids\errorroids.cpp(120): warning C4244: 'argument': conversion from 'double' to 'Sint16', possible loss of data
     1>e:\iuse spring 2016\csci-c335-18862\assembly project\projecterrorroids\errorroids.cpp(121): warning C4244: 'argument': conversion from 'double' to 'Sint16', possible loss of data
     1>e:\iuse spring 2016\csci-c335-18862\assembly project\projecterrorroids\errorroids.cpp(122): warning C4244: 'argument': conversion from 'double' to 'Sint16', possible loss of data
     1>e:\iuse spring 2016\csci-c335-18862\assembly project\projecterrorroids\errorroids.cpp(123): warning C4244: 'argument': conversion from 'double' to 'Sint16', possible loss of data
         Generating Code...
     1>Done Building Project "E:\IUSE Spring 2016\CSCI-C335-18862\Assembly Project\ProjectErrorRoids\ErrorRoids.vcxproj" (Build target(s)) -- FAILED.

Build FAILED.

Time Elapsed 00:00:01.16
